[debug] [2023-02-09T14:19:21.307Z] : 
[debug] [2023-02-09T14:19:21.308Z] : ----------------------------------------------------------------------
[debug] [2023-02-09T14:19:21.308Z] : Command:      C:\Program Files\nodejs\node.exe C:\Users\HARISH JAYARAJ\AppData\Roaming\npm\node_modules\zcatalyst-cli\lib\bin\catalyst.js serve
[debug] [2023-02-09T14:19:21.309Z] : CLI Version:  1.13.3
[debug] [2023-02-09T14:19:21.309Z] : Platform:     win32
[debug] [2023-02-09T14:19:21.310Z] : Node Version: v18.14.0
[debug] [2023-02-09T14:19:21.311Z] : Time:         Thu Feb 09 2023 19:49:21 GMT+0530 (India Standard Time)
[debug] [2023-02-09T14:19:21.311Z] : ----------------------------------------------------------------------
[debug] [2023-02-09T14:19:21.311Z] : 
[debug] [2023-02-09T14:19:21.928Z] : > authorizing via signed-in user option
[debug] [2023-02-09T14:19:21.928Z] : > command requires scopes: ["ZohoCatalyst.projects.ALL","ZohoCatalyst.functions.ALL","ZohoCatalyst.functions.EXECUTE","ZohoCatalyst.webapp.ALL"]
[debug] [2023-02-09T14:19:21.941Z] : >>>> HTTP REQUEST : GET https://api.catalyst.zoho.com/baas/v1/project/13267000000004873 

[debug] [2023-02-09T14:19:22.886Z] : <<<< HTTP RESPONSE : 200
Response Headers: {"server":"ZGS","date":"Thu, 09 Feb 2023 14:19:22 GMT","content-type":"application/vnd.catalyst.v2+json","transfer-encoding":"chunked","connection":"close","set-cookie":["46512fd555=04d9a2d1e2e86744f9516a3e9f805f56; Path=/","ZD_CSRF_TOKEN=76ea7db4-6336-4d15-a961-1cd936ea9a5d;path=/;SameSite=None;Secure;priority=high","_zcsr_tmp=76ea7db4-6336-4d15-a961-1cd936ea9a5d;path=/;SameSite=Strict;Secure;priority=high"],"x-content-type-options":"nosniff","x-xss-protection":"1","pragma":"no-cache","cache-control":"private,no-cache,no-store,max-age=0,must-revalidate","expires":"Thu, 01 Jan 1970 00:00:00 GMT","x-frame-options":"DENY","strict-transport-security":"max-age=63072000"}

[debug] [2023-02-09T14:19:22.896Z] : >>>> HTTP REQUEST : GET https://api.catalyst.zoho.com/baas/v1/project/13267000000004873/environment 

[debug] [2023-02-09T14:19:23.683Z] : <<<< HTTP RESPONSE : 200
Response Headers: {"server":"ZGS","date":"Thu, 09 Feb 2023 14:19:23 GMT","content-type":"application/vnd.catalyst.v2+json","transfer-encoding":"chunked","connection":"close","set-cookie":["46512fd555=bbdfb771565421abbe10f7a180903d28; Path=/","ZD_CSRF_TOKEN=e95dae69-ff4b-4b95-85d1-cce17e5891c4;path=/;SameSite=None;Secure;priority=high","_zcsr_tmp=e95dae69-ff4b-4b95-85d1-cce17e5891c4;path=/;SameSite=Strict;Secure;priority=high"],"x-content-type-options":"nosniff","x-xss-protection":"1","pragma":"no-cache","cache-control":"private,no-cache,no-store,max-age=0,must-revalidate","expires":"Thu, 01 Jan 1970 00:00:00 GMT","x-frame-options":"DENY","strict-transport-security":"max-age=63072000"}

[debug] [2023-02-09T14:19:23.839Z] : >>>> HTTP REQUEST : GET https://api.catalyst.zoho.com/baas/v1/project/13267000000004873/function 
Query params: {"type":"basicio,event,cron,applogic,integration"}

[debug] [2023-02-09T14:19:24.605Z] : <<<< HTTP RESPONSE : 200
Response Headers: {"server":"ZGS","date":"Thu, 09 Feb 2023 14:19:24 GMT","content-type":"application/vnd.catalyst.v2+json","transfer-encoding":"chunked","connection":"close","set-cookie":["46512fd555=bbdfb771565421abbe10f7a180903d28; Path=/","ZD_CSRF_TOKEN=aaf11741-b3f8-4e84-a0cd-344db4fc3bcc;path=/;SameSite=None;Secure;priority=high","_zcsr_tmp=aaf11741-b3f8-4e84-a0cd-344db4fc3bcc;path=/;SameSite=Strict;Secure;priority=high"],"x-content-type-options":"nosniff","x-xss-protection":"1","pragma":"no-cache","cache-control":"private,no-cache,no-store,max-age=0,must-revalidate","expires":"Thu, 01 Jan 1970 00:00:00 GMT","x-frame-options":"DENY","strict-transport-security":"max-age=63072000"}

[debug] [2023-02-09T14:19:24.615Z] : unknown eol undefined hence skipping check
[info] [2023-02-09T14:19:24.686Z] : i server[sarah_bakery_function]: URL : http://localhost:3000/server/sarah_bakery_function/
[info] [2023-02-09T14:19:24.686Z] : 
[info] [2023-02-09T14:19:24.840Z] : i client[sarahbkry]: URL : http://localhost:3000/app/
[debug] [2023-02-10T03:40:06.907Z] : 
[debug] [2023-02-10T03:40:06.908Z] : ----------------------------------------------------------------------
[debug] [2023-02-10T03:40:06.909Z] : Command:      C:\Program Files\nodejs\node.exe C:\Users\HARISH JAYARAJ\AppData\Roaming\npm\node_modules\zcatalyst-cli\lib\bin\catalyst.js serve
[debug] [2023-02-10T03:40:06.909Z] : CLI Version:  1.13.3
[debug] [2023-02-10T03:40:06.910Z] : Platform:     win32
[debug] [2023-02-10T03:40:06.910Z] : Node Version: v18.14.0
[debug] [2023-02-10T03:40:06.911Z] : Time:         Fri Feb 10 2023 09:10:06 GMT+0530 (India Standard Time)
[debug] [2023-02-10T03:40:06.912Z] : ----------------------------------------------------------------------
[debug] [2023-02-10T03:40:06.912Z] : 
[debug] [2023-02-10T03:40:07.739Z] : > authorizing via signed-in user option
[debug] [2023-02-10T03:40:07.739Z] : > command requires scopes: ["ZohoCatalyst.projects.ALL","ZohoCatalyst.functions.ALL","ZohoCatalyst.functions.EXECUTE","ZohoCatalyst.webapp.ALL"]
[debug] [2023-02-10T03:40:07.754Z] : > refreshing access token <
[debug] [2023-02-10T03:40:07.755Z] : >>>> HTTP REQUEST : POST https://accounts.zoho.com/oauth/v2/token 
<request body omitted>

[debug] [2023-02-10T03:40:08.732Z] : <<<< HTTP RESPONSE : 200
Response Headers: {"server":"ZGS","date":"Fri, 10 Feb 2023 03:40:07 GMT","content-type":"application/json;charset=UTF-8","content-length":"2728","connection":"close","set-cookie":["b266a5bf57=a711b6da0e6cbadb5e254290f114a026; Path=/","iamcsr=15f55078-41e2-4a9a-b09a-650782642967;path=/;SameSite=None;Secure;priority=high","_zcsr_tmp=15f55078-41e2-4a9a-b09a-650782642967;path=/;SameSite=Strict;Secure;priority=high"],"cache-control":"no-store","x-content-type-options":"nosniff","pragma":"no-cache","x-xss-protection":"1","x-frame-options":"SAMEORIGIN","vary":"accept-encoding","content-language":"en-US","strict-transport-security":"max-age=63072000"}

[debug] [2023-02-10T03:40:09.178Z] : >>>> HTTP REQUEST : GET https://api.catalyst.zoho.com/baas/v1/project/13267000000004873 

[debug] [2023-02-10T03:40:10.106Z] : <<<< HTTP RESPONSE : 200
Response Headers: {"server":"ZGS","date":"Fri, 10 Feb 2023 03:40:09 GMT","content-type":"application/vnd.catalyst.v2+json","transfer-encoding":"chunked","connection":"close","set-cookie":["46512fd555=ba2a1b22f2a5e14b0d2647f7e38884fc; Path=/","ZD_CSRF_TOKEN=e27940c7-3dad-4625-8e5d-dc1166c4179e;path=/;SameSite=None;Secure;priority=high","_zcsr_tmp=e27940c7-3dad-4625-8e5d-dc1166c4179e;path=/;SameSite=Strict;Secure;priority=high"],"x-content-type-options":"nosniff","x-xss-protection":"1","pragma":"no-cache","cache-control":"private,no-cache,no-store,max-age=0,must-revalidate","expires":"Thu, 01 Jan 1970 00:00:00 GMT","x-frame-options":"DENY","strict-transport-security":"max-age=63072000"}

[debug] [2023-02-10T03:40:10.113Z] : >>>> HTTP REQUEST : GET https://api.catalyst.zoho.com/baas/v1/project/13267000000004873/environment 

[debug] [2023-02-10T03:40:10.992Z] : <<<< HTTP RESPONSE : 200
Response Headers: {"server":"ZGS","date":"Fri, 10 Feb 2023 03:40:10 GMT","content-type":"application/vnd.catalyst.v2+json","transfer-encoding":"chunked","connection":"close","set-cookie":["46512fd555=bbdfb771565421abbe10f7a180903d28; Path=/","ZD_CSRF_TOKEN=30b8ccae-33a6-461e-8e7c-fab2e59d6686;path=/;SameSite=None;Secure;priority=high","_zcsr_tmp=30b8ccae-33a6-461e-8e7c-fab2e59d6686;path=/;SameSite=Strict;Secure;priority=high"],"x-content-type-options":"nosniff","x-xss-protection":"1","pragma":"no-cache","cache-control":"private,no-cache,no-store,max-age=0,must-revalidate","expires":"Thu, 01 Jan 1970 00:00:00 GMT","x-frame-options":"DENY","strict-transport-security":"max-age=63072000"}

[debug] [2023-02-10T03:40:15.267Z] : >>>> HTTP REQUEST : GET https://api.catalyst.zoho.com/baas/v1/project/13267000000004873/function 
Query params: {"type":"basicio,event,cron,applogic,integration"}

[debug] [2023-02-10T03:40:16.173Z] : <<<< HTTP RESPONSE : 200
Response Headers: {"server":"ZGS","date":"Fri, 10 Feb 2023 03:40:15 GMT","content-type":"application/vnd.catalyst.v2+json","transfer-encoding":"chunked","connection":"close","set-cookie":["46512fd555=bbdfb771565421abbe10f7a180903d28; Path=/","ZD_CSRF_TOKEN=4bf09e9d-ae12-4d4d-8d81-8fd2514ec46d;path=/;SameSite=None;Secure;priority=high","_zcsr_tmp=4bf09e9d-ae12-4d4d-8d81-8fd2514ec46d;path=/;SameSite=Strict;Secure;priority=high"],"x-content-type-options":"nosniff","x-xss-protection":"1","pragma":"no-cache","cache-control":"private,no-cache,no-store,max-age=0,must-revalidate","expires":"Thu, 01 Jan 1970 00:00:00 GMT","x-frame-options":"DENY","strict-transport-security":"max-age=63072000"}

[debug] [2023-02-10T03:40:16.177Z] : unknown eol undefined hence skipping check
[info] [2023-02-10T03:40:16.465Z] : i server[sarah_bakery_function]: URL : http://localhost:3000/server/sarah_bakery_function/
[info] [2023-02-10T03:40:16.465Z] : 
[info] [2023-02-10T03:40:17.100Z] : i client[sarahbkry]: URL : http://localhost:3000/app/
